{"/Users/lukebearden/Development/wumpus/test.js":{"path":"/Users/lukebearden/Development/wumpus/test.js","s":{"1":1,"2":1,"3":1,"4":0,"5":0,"6":0,"7":0,"8":0,"9":0,"10":0,"11":0,"12":0,"13":0,"14":0,"15":0,"16":0,"17":0,"18":0,"19":0},"b":{"1":[0,0]},"f":{"1":0,"2":0,"3":0,"4":0,"5":0,"6":0},"fnMap":{"1":{"name":"(anonymous_1)","line":4,"loc":{"start":{"line":4,"column":25},"end":{"line":4,"column":36}}},"2":{"name":"(anonymous_2)","line":9,"loc":{"start":{"line":9,"column":29},"end":{"line":9,"column":40}}},"3":{"name":"(anonymous_3)","line":13,"loc":{"start":{"line":13,"column":29},"end":{"line":13,"column":40}}},"4":{"name":"(anonymous_4)","line":17,"loc":{"start":{"line":17,"column":24},"end":{"line":17,"column":35}}},"5":{"name":"(anonymous_5)","line":23,"loc":{"start":{"line":23,"column":25},"end":{"line":23,"column":36}}},"6":{"name":"(anonymous_6)","line":29,"loc":{"start":{"line":29,"column":32},"end":{"line":29,"column":43}}}},"statementMap":{"1":{"start":{"line":1,"column":0},"end":{"line":1,"column":38}},"2":{"start":{"line":2,"column":0},"end":{"line":2,"column":32}},"3":{"start":{"line":4,"column":0},"end":{"line":43,"column":3}},"4":{"start":{"line":6,"column":1},"end":{"line":6,"column":24}},"5":{"start":{"line":7,"column":1},"end":{"line":7,"column":15}},"6":{"start":{"line":9,"column":1},"end":{"line":11,"column":4}},"7":{"start":{"line":10,"column":2},"end":{"line":10,"column":40}},"8":{"start":{"line":13,"column":1},"end":{"line":15,"column":4}},"9":{"start":{"line":14,"column":2},"end":{"line":14,"column":101}},"10":{"start":{"line":17,"column":1},"end":{"line":21,"column":4}},"11":{"start":{"line":18,"column":2},"end":{"line":18,"column":37}},"12":{"start":{"line":19,"column":2},"end":{"line":19,"column":22}},"13":{"start":{"line":20,"column":2},"end":{"line":20,"column":80}},"14":{"start":{"line":23,"column":1},"end":{"line":27,"column":4}},"15":{"start":{"line":24,"column":2},"end":{"line":24,"column":37}},"16":{"start":{"line":25,"column":2},"end":{"line":25,"column":23}},"17":{"start":{"line":26,"column":2},"end":{"line":26,"column":80}},"18":{"start":{"line":29,"column":1},"end":{"line":31,"column":4}},"19":{"start":{"line":30,"column":2},"end":{"line":30,"column":10}}},"branchMap":{"1":{"line":14,"type":"binary-expr","locations":[{"start":{"line":14,"column":9},"end":{"line":14,"column":34}},{"start":{"line":14,"column":38},"end":{"line":14,"column":88}}]}}},"/Users/lukebearden/Development/wumpus/dungeon.js":{"path":"/Users/lukebearden/Development/wumpus/dungeon.js","s":{"1":1,"2":0,"3":0,"4":1,"5":0,"6":0,"7":0,"8":1,"9":0,"10":0,"11":0,"12":0,"13":0,"14":0,"15":0,"16":0,"17":0,"18":0,"19":0,"20":0,"21":0,"22":1,"23":0,"24":0,"25":0,"26":1,"27":0,"28":1,"29":0,"30":0,"31":1},"b":{},"f":{"1":0,"2":0,"3":0,"4":0,"5":0,"6":0},"fnMap":{"1":{"name":"(anonymous_1)","line":1,"loc":{"start":{"line":1,"column":14},"end":{"line":1,"column":25}}},"2":{"name":"(anonymous_2)","line":6,"loc":{"start":{"line":6,"column":26},"end":{"line":6,"column":37}}},"3":{"name":"(anonymous_3)","line":17,"loc":{"start":{"line":17,"column":29},"end":{"line":17,"column":44}}},"4":{"name":"(anonymous_4)","line":34,"loc":{"start":{"line":34,"column":32},"end":{"line":34,"column":52}}},"5":{"name":"(anonymous_5)","line":42,"loc":{"start":{"line":42,"column":29},"end":{"line":42,"column":40}}},"6":{"name":"(anonymous_6)","line":46,"loc":{"start":{"line":46,"column":29},"end":{"line":46,"column":52}}}},"statementMap":{"1":{"start":{"line":1,"column":0},"end":{"line":4,"column":2}},"2":{"start":{"line":2,"column":2},"end":{"line":2,"column":18}},"3":{"start":{"line":3,"column":2},"end":{"line":3,"column":17}},"4":{"start":{"line":6,"column":0},"end":{"line":15,"column":2}},"5":{"start":{"line":7,"column":2},"end":{"line":7,"column":33}},"6":{"start":{"line":8,"column":2},"end":{"line":13,"column":5}},"7":{"start":{"line":14,"column":2},"end":{"line":14,"column":16}},"8":{"start":{"line":17,"column":0},"end":{"line":32,"column":2}},"9":{"start":{"line":18,"column":2},"end":{"line":18,"column":17}},"10":{"start":{"line":19,"column":2},"end":{"line":19,"column":33}},"11":{"start":{"line":20,"column":2},"end":{"line":20,"column":29}},"12":{"start":{"line":21,"column":2},"end":{"line":21,"column":26}},"13":{"start":{"line":22,"column":2},"end":{"line":28,"column":3}},"14":{"start":{"line":23,"column":4},"end":{"line":23,"column":30}},"15":{"start":{"line":24,"column":4},"end":{"line":24,"column":23}},"16":{"start":{"line":25,"column":4},"end":{"line":25,"column":46}},"17":{"start":{"line":26,"column":4},"end":{"line":26,"column":46}},"18":{"start":{"line":27,"column":4},"end":{"line":27,"column":22}},"19":{"start":{"line":29,"column":2},"end":{"line":29,"column":49}},"20":{"start":{"line":30,"column":2},"end":{"line":30,"column":49}},"21":{"start":{"line":31,"column":2},"end":{"line":31,"column":16}},"22":{"start":{"line":34,"column":0},"end":{"line":40,"column":2}},"23":{"start":{"line":36,"column":2},"end":{"line":39,"column":3}},"24":{"start":{"line":37,"column":4},"end":{"line":37,"column":44}},"25":{"start":{"line":38,"column":4},"end":{"line":38,"column":44}},"26":{"start":{"line":42,"column":0},"end":{"line":44,"column":2}},"27":{"start":{"line":43,"column":2},"end":{"line":43,"column":60}},"28":{"start":{"line":46,"column":0},"end":{"line":50,"column":2}},"29":{"start":{"line":47,"column":2},"end":{"line":49,"column":3}},"30":{"start":{"line":48,"column":4},"end":{"line":48,"column":36}},"31":{"start":{"line":52,"column":0},"end":{"line":52,"column":25}}},"branchMap":{}},"/Users/lukebearden/Development/wumpus/game.js":{"path":"/Users/lukebearden/Development/wumpus/game.js","s":{"1":1,"2":1,"3":1,"4":1,"5":0,"6":0,"7":0,"8":1,"9":0,"10":0,"11":0,"12":0,"13":1,"14":0,"15":0,"16":0,"17":0,"18":0,"19":0,"20":0,"21":0,"22":0,"23":0,"24":0,"25":0,"26":0,"27":0,"28":1,"29":0,"30":0,"31":0,"32":0,"33":0,"34":0,"35":0,"36":0,"37":0,"38":0,"39":0,"40":0,"41":1},"b":{"1":[0,0],"2":[0,0],"3":[0,0],"4":[0,0],"5":[0,0,0],"6":[0,0],"7":[0,0,0],"8":[0,0]},"f":{"1":0,"2":0,"3":0,"4":0,"5":0,"6":0,"7":0,"8":0},"fnMap":{"1":{"name":"(anonymous_1)","line":5,"loc":{"start":{"line":5,"column":11},"end":{"line":5,"column":22}}},"2":{"name":"(anonymous_2)","line":11,"loc":{"start":{"line":11,"column":23},"end":{"line":11,"column":34}}},"3":{"name":"(anonymous_3)","line":23,"loc":{"start":{"line":23,"column":22},"end":{"line":23,"column":33}}},"4":{"name":"(anonymous_4)","line":26,"loc":{"start":{"line":26,"column":10},"end":{"line":26,"column":21}}},"5":{"name":"(anonymous_5)","line":30,"loc":{"start":{"line":30,"column":11},"end":{"line":30,"column":22}}},"6":{"name":"(anonymous_6)","line":34,"loc":{"start":{"line":34,"column":8},"end":{"line":34,"column":19}}},"7":{"name":"(anonymous_7)","line":42,"loc":{"start":{"line":42,"column":10},"end":{"line":42,"column":21}}},"8":{"name":"(anonymous_8)","line":53,"loc":{"start":{"line":53,"column":25},"end":{"line":53,"column":36}}}},"statementMap":{"1":{"start":{"line":1,"column":0},"end":{"line":1,"column":36}},"2":{"start":{"line":2,"column":0},"end":{"line":2,"column":38}},"3":{"start":{"line":3,"column":0},"end":{"line":3,"column":36}},"4":{"start":{"line":5,"column":0},"end":{"line":9,"column":2}},"5":{"start":{"line":6,"column":2},"end":{"line":6,"column":29}},"6":{"start":{"line":7,"column":2},"end":{"line":7,"column":31}},"7":{"start":{"line":8,"column":2},"end":{"line":8,"column":29}},"8":{"start":{"line":11,"column":0},"end":{"line":21,"column":2}},"9":{"start":{"line":13,"column":2},"end":{"line":13,"column":78}},"10":{"start":{"line":16,"column":2},"end":{"line":16,"column":49}},"11":{"start":{"line":19,"column":2},"end":{"line":19,"column":27}},"12":{"start":{"line":20,"column":2},"end":{"line":20,"column":43}},"13":{"start":{"line":23,"column":0},"end":{"line":51,"column":2}},"14":{"start":{"line":24,"column":2},"end":{"line":24,"column":18}},"15":{"start":{"line":25,"column":2},"end":{"line":50,"column":4}},"16":{"start":{"line":27,"column":6},"end":{"line":27,"column":82}},"17":{"start":{"line":28,"column":6},"end":{"line":28,"column":33}},"18":{"start":{"line":31,"column":6},"end":{"line":31,"column":82}},"19":{"start":{"line":32,"column":6},"end":{"line":32,"column":35}},"20":{"start":{"line":35,"column":6},"end":{"line":40,"column":7}},"21":{"start":{"line":36,"column":8},"end":{"line":36,"column":82}},"22":{"start":{"line":37,"column":8},"end":{"line":37,"column":81}},"23":{"start":{"line":39,"column":8},"end":{"line":39,"column":82}},"24":{"start":{"line":43,"column":6},"end":{"line":48,"column":7}},"25":{"start":{"line":44,"column":8},"end":{"line":44,"column":82}},"26":{"start":{"line":45,"column":8},"end":{"line":45,"column":81}},"27":{"start":{"line":47,"column":8},"end":{"line":47,"column":81}},"28":{"start":{"line":53,"column":0},"end":{"line":69,"column":2}},"29":{"start":{"line":54,"column":2},"end":{"line":54,"column":58}},"30":{"start":{"line":55,"column":2},"end":{"line":55,"column":39}},"31":{"start":{"line":56,"column":2},"end":{"line":56,"column":31}},"32":{"start":{"line":58,"column":2},"end":{"line":66,"column":3}},"33":{"start":{"line":59,"column":4},"end":{"line":59,"column":69}},"34":{"start":{"line":60,"column":9},"end":{"line":66,"column":3}},"35":{"start":{"line":61,"column":4},"end":{"line":61,"column":63}},"36":{"start":{"line":62,"column":9},"end":{"line":66,"column":3}},"37":{"start":{"line":63,"column":4},"end":{"line":63,"column":54}},"38":{"start":{"line":64,"column":9},"end":{"line":66,"column":3}},"39":{"start":{"line":65,"column":4},"end":{"line":65,"column":52}},"40":{"start":{"line":68,"column":2},"end":{"line":68,"column":29}},"41":{"start":{"line":71,"column":0},"end":{"line":71,"column":22}}},"branchMap":{"1":{"line":35,"type":"if","locations":[{"start":{"line":35,"column":6},"end":{"line":35,"column":6}},{"start":{"line":35,"column":6},"end":{"line":35,"column":6}}]},"2":{"line":43,"type":"if","locations":[{"start":{"line":43,"column":6},"end":{"line":43,"column":6}},{"start":{"line":43,"column":6},"end":{"line":43,"column":6}}]},"3":{"line":58,"type":"if","locations":[{"start":{"line":58,"column":2},"end":{"line":58,"column":2}},{"start":{"line":58,"column":2},"end":{"line":58,"column":2}}]},"4":{"line":60,"type":"if","locations":[{"start":{"line":60,"column":9},"end":{"line":60,"column":9}},{"start":{"line":60,"column":9},"end":{"line":60,"column":9}}]},"5":{"line":60,"type":"binary-expr","locations":[{"start":{"line":60,"column":13},"end":{"line":60,"column":47}},{"start":{"line":60,"column":51},"end":{"line":60,"column":85}},{"start":{"line":60,"column":89},"end":{"line":60,"column":121}}]},"6":{"line":62,"type":"if","locations":[{"start":{"line":62,"column":9},"end":{"line":62,"column":9}},{"start":{"line":62,"column":9},"end":{"line":62,"column":9}}]},"7":{"line":62,"type":"binary-expr","locations":[{"start":{"line":62,"column":13},"end":{"line":62,"column":54}},{"start":{"line":62,"column":58},"end":{"line":62,"column":99}},{"start":{"line":62,"column":103},"end":{"line":62,"column":142}}]},"8":{"line":64,"type":"if","locations":[{"start":{"line":64,"column":9},"end":{"line":64,"column":9}},{"start":{"line":64,"column":9},"end":{"line":64,"column":9}}]}}},"/Users/lukebearden/Development/wumpus/player.js":{"path":"/Users/lukebearden/Development/wumpus/player.js","s":{"1":1,"2":0,"3":1},"b":{},"f":{"1":0},"fnMap":{"1":{"name":"(anonymous_1)","line":1,"loc":{"start":{"line":1,"column":13},"end":{"line":1,"column":24}}}},"statementMap":{"1":{"start":{"line":1,"column":0},"end":{"line":3,"column":2}},"2":{"start":{"line":2,"column":2},"end":{"line":2,"column":20}},"3":{"start":{"line":5,"column":0},"end":{"line":5,"column":24}}},"branchMap":{}},"/Users/lukebearden/Development/wumpus/wumpus.js":{"path":"/Users/lukebearden/Development/wumpus/wumpus.js","s":{"1":1,"2":0,"3":1},"b":{},"f":{"1":0},"fnMap":{"1":{"name":"(anonymous_1)","line":1,"loc":{"start":{"line":1,"column":13},"end":{"line":1,"column":24}}}},"statementMap":{"1":{"start":{"line":1,"column":0},"end":{"line":3,"column":2}},"2":{"start":{"line":2,"column":1},"end":{"line":2,"column":19}},"3":{"start":{"line":5,"column":0},"end":{"line":5,"column":24}}},"branchMap":{}}}