{"/Users/lukebearden/Development/wumpus/test.js":{"path":"/Users/lukebearden/Development/wumpus/test.js","s":{"1":1,"2":1,"3":1,"4":0,"5":0,"6":0,"7":0,"8":0,"9":0,"10":0,"11":0,"12":1,"13":0,"14":0,"15":0,"16":0,"17":1,"18":0,"19":0,"20":0,"21":0,"22":1,"23":0,"24":0,"25":0,"26":0,"27":1,"28":0,"29":0,"30":0,"31":0,"32":0,"33":1,"34":0,"35":0,"36":0,"37":0,"38":0,"39":0,"40":0,"41":0,"42":0,"43":0,"44":0,"45":0,"46":0,"47":0,"48":0,"49":0},"b":{"1":[0,0],"2":[0,0]},"f":{"1":0,"2":0,"3":0,"4":0,"5":0,"6":0,"7":0,"8":0,"9":0,"10":0,"11":0,"12":0,"13":0,"14":0,"15":0,"16":0,"17":0},"fnMap":{"1":{"name":"(anonymous_1)","line":4,"loc":{"start":{"line":4,"column":25},"end":{"line":4,"column":36}}},"2":{"name":"(anonymous_2)","line":9,"loc":{"start":{"line":9,"column":29},"end":{"line":9,"column":40}}},"3":{"name":"(anonymous_3)","line":13,"loc":{"start":{"line":13,"column":29},"end":{"line":13,"column":40}}},"4":{"name":"(anonymous_4)","line":17,"loc":{"start":{"line":17,"column":30},"end":{"line":17,"column":41}}},"5":{"name":"hasAdjRm","line":20,"loc":{"start":{"line":20,"column":2},"end":{"line":20,"column":40}}},"6":{"name":"(anonymous_6)","line":28,"loc":{"start":{"line":28,"column":30},"end":{"line":28,"column":41}}},"7":{"name":"hasAdjRm","line":31,"loc":{"start":{"line":31,"column":2},"end":{"line":31,"column":40}}},"8":{"name":"(anonymous_8)","line":39,"loc":{"start":{"line":39,"column":28},"end":{"line":39,"column":39}}},"9":{"name":"hasNxtLvl","line":42,"loc":{"start":{"line":42,"column":2},"end":{"line":42,"column":41}}},"10":{"name":"(anonymous_10)","line":50,"loc":{"start":{"line":50,"column":46},"end":{"line":50,"column":57}}},"11":{"name":"rmsJoined","line":53,"loc":{"start":{"line":53,"column":2},"end":{"line":53,"column":41}}},"12":{"name":"(anonymous_12)","line":60,"loc":{"start":{"line":60,"column":19},"end":{"line":60,"column":30}}},"13":{"name":"pitCount","line":65,"loc":{"start":{"line":65,"column":2},"end":{"line":65,"column":22}}},"14":{"name":"(anonymous_14)","line":67,"loc":{"start":{"line":67,"column":17},"end":{"line":67,"column":32}}},"15":{"name":"(anonymous_15)","line":78,"loc":{"start":{"line":78,"column":8},"end":{"line":78,"column":19}}},"16":{"name":"(anonymous_16)","line":85,"loc":{"start":{"line":85,"column":24},"end":{"line":85,"column":35}}},"17":{"name":"(anonymous_17)","line":91,"loc":{"start":{"line":91,"column":25},"end":{"line":91,"column":36}}}},"statementMap":{"1":{"start":{"line":1,"column":0},"end":{"line":1,"column":38}},"2":{"start":{"line":2,"column":0},"end":{"line":2,"column":32}},"3":{"start":{"line":4,"column":0},"end":{"line":108,"column":3}},"4":{"start":{"line":6,"column":1},"end":{"line":6,"column":24}},"5":{"start":{"line":7,"column":1},"end":{"line":7,"column":15}},"6":{"start":{"line":9,"column":1},"end":{"line":11,"column":4}},"7":{"start":{"line":10,"column":2},"end":{"line":10,"column":40}},"8":{"start":{"line":13,"column":1},"end":{"line":15,"column":4}},"9":{"start":{"line":14,"column":2},"end":{"line":14,"column":101}},"10":{"start":{"line":17,"column":1},"end":{"line":26,"column":4}},"11":{"start":{"line":18,"column":2},"end":{"line":18,"column":34}},"12":{"start":{"line":20,"column":2},"end":{"line":22,"column":3}},"13":{"start":{"line":21,"column":3},"end":{"line":21,"column":45}},"14":{"start":{"line":24,"column":2},"end":{"line":24,"column":43}},"15":{"start":{"line":28,"column":1},"end":{"line":37,"column":4}},"16":{"start":{"line":29,"column":2},"end":{"line":29,"column":34}},"17":{"start":{"line":31,"column":2},"end":{"line":33,"column":3}},"18":{"start":{"line":32,"column":3},"end":{"line":32,"column":45}},"19":{"start":{"line":35,"column":2},"end":{"line":35,"column":43}},"20":{"start":{"line":39,"column":1},"end":{"line":48,"column":4}},"21":{"start":{"line":40,"column":2},"end":{"line":40,"column":34}},"22":{"start":{"line":42,"column":2},"end":{"line":44,"column":3}},"23":{"start":{"line":43,"column":3},"end":{"line":43,"column":43}},"24":{"start":{"line":46,"column":2},"end":{"line":46,"column":44}},"25":{"start":{"line":50,"column":1},"end":{"line":58,"column":4}},"26":{"start":{"line":51,"column":2},"end":{"line":51,"column":34}},"27":{"start":{"line":53,"column":2},"end":{"line":55,"column":3}},"28":{"start":{"line":54,"column":3},"end":{"line":54,"column":54}},"29":{"start":{"line":57,"column":2},"end":{"line":57,"column":44}},"30":{"start":{"line":60,"column":1},"end":{"line":76,"column":4}},"31":{"start":{"line":61,"column":2},"end":{"line":61,"column":34}},"32":{"start":{"line":62,"column":2},"end":{"line":62,"column":19}},"33":{"start":{"line":65,"column":2},"end":{"line":73,"column":3}},"34":{"start":{"line":66,"column":3},"end":{"line":66,"column":17}},"35":{"start":{"line":67,"column":3},"end":{"line":71,"column":6}},"36":{"start":{"line":68,"column":4},"end":{"line":70,"column":5}},"37":{"start":{"line":69,"column":5},"end":{"line":69,"column":13}},"38":{"start":{"line":72,"column":3},"end":{"line":72,"column":16}},"39":{"start":{"line":75,"column":2},"end":{"line":75,"column":42}},"40":{"start":{"line":78,"column":1},"end":{"line":80,"column":4}},"41":{"start":{"line":79,"column":2},"end":{"line":79,"column":18}},"42":{"start":{"line":85,"column":1},"end":{"line":89,"column":4}},"43":{"start":{"line":86,"column":2},"end":{"line":86,"column":37}},"44":{"start":{"line":87,"column":2},"end":{"line":87,"column":22}},"45":{"start":{"line":88,"column":2},"end":{"line":88,"column":80}},"46":{"start":{"line":91,"column":1},"end":{"line":95,"column":4}},"47":{"start":{"line":92,"column":2},"end":{"line":92,"column":37}},"48":{"start":{"line":93,"column":2},"end":{"line":93,"column":23}},"49":{"start":{"line":94,"column":2},"end":{"line":94,"column":80}}},"branchMap":{"1":{"line":14,"type":"binary-expr","locations":[{"start":{"line":14,"column":9},"end":{"line":14,"column":34}},{"start":{"line":14,"column":38},"end":{"line":14,"column":88}}]},"2":{"line":68,"type":"if","locations":[{"start":{"line":68,"column":4},"end":{"line":68,"column":4}},{"start":{"line":68,"column":4},"end":{"line":68,"column":4}}]}}},"/Users/lukebearden/Development/wumpus/dungeon.js":{"path":"/Users/lukebearden/Development/wumpus/dungeon.js","s":{"1":1,"2":0,"3":0,"4":1,"5":0,"6":0,"7":0,"8":1,"9":0,"10":0,"11":0,"12":0,"13":0,"14":0,"15":0,"16":0,"17":0,"18":0,"19":0,"20":0,"21":0,"22":1,"23":0,"24":0,"25":0,"26":0,"27":1,"28":0,"29":1},"b":{},"f":{"1":0,"2":0,"3":0,"4":0,"5":0},"fnMap":{"1":{"name":"(anonymous_1)","line":1,"loc":{"start":{"line":1,"column":14},"end":{"line":1,"column":25}}},"2":{"name":"(anonymous_2)","line":6,"loc":{"start":{"line":6,"column":26},"end":{"line":6,"column":37}}},"3":{"name":"(anonymous_3)","line":22,"loc":{"start":{"line":22,"column":29},"end":{"line":22,"column":44}}},"4":{"name":"(anonymous_4)","line":43,"loc":{"start":{"line":43,"column":32},"end":{"line":43,"column":52}}},"5":{"name":"(anonymous_5)","line":53,"loc":{"start":{"line":53,"column":29},"end":{"line":53,"column":40}}}},"statementMap":{"1":{"start":{"line":1,"column":0},"end":{"line":4,"column":6}},"2":{"start":{"line":2,"column":6},"end":{"line":2,"column":22}},"3":{"start":{"line":3,"column":6},"end":{"line":3,"column":21}},"4":{"start":{"line":6,"column":0},"end":{"line":20,"column":20}},"5":{"start":{"line":7,"column":20},"end":{"line":7,"column":51}},"6":{"start":{"line":9,"column":20},"end":{"line":17,"column":23}},"7":{"start":{"line":19,"column":20},"end":{"line":19,"column":34}},"8":{"start":{"line":22,"column":0},"end":{"line":41,"column":20}},"9":{"start":{"line":23,"column":20},"end":{"line":23,"column":35}},"10":{"start":{"line":24,"column":20},"end":{"line":24,"column":51}},"11":{"start":{"line":25,"column":20},"end":{"line":25,"column":47}},"12":{"start":{"line":27,"column":20},"end":{"line":27,"column":44}},"13":{"start":{"line":29,"column":20},"end":{"line":35,"column":21}},"14":{"start":{"line":30,"column":22},"end":{"line":30,"column":48}},"15":{"start":{"line":31,"column":22},"end":{"line":31,"column":41}},"16":{"start":{"line":32,"column":22},"end":{"line":32,"column":64}},"17":{"start":{"line":33,"column":22},"end":{"line":33,"column":64}},"18":{"start":{"line":34,"column":22},"end":{"line":34,"column":40}},"19":{"start":{"line":37,"column":20},"end":{"line":37,"column":67}},"20":{"start":{"line":38,"column":20},"end":{"line":38,"column":67}},"21":{"start":{"line":40,"column":20},"end":{"line":40,"column":34}},"22":{"start":{"line":43,"column":0},"end":{"line":51,"column":20}},"23":{"start":{"line":44,"column":20},"end":{"line":44,"column":43}},"24":{"start":{"line":47,"column":20},"end":{"line":50,"column":21}},"25":{"start":{"line":48,"column":22},"end":{"line":48,"column":57}},"26":{"start":{"line":49,"column":22},"end":{"line":49,"column":57}},"27":{"start":{"line":53,"column":0},"end":{"line":55,"column":20}},"28":{"start":{"line":54,"column":20},"end":{"line":54,"column":78}},"29":{"start":{"line":57,"column":0},"end":{"line":57,"column":25}}},"branchMap":{}},"/Users/lukebearden/Development/wumpus/game.js":{"path":"/Users/lukebearden/Development/wumpus/game.js","s":{"1":1,"2":1,"3":1,"4":1,"5":0,"6":0,"7":0,"8":0,"9":0,"10":1,"11":0,"12":0,"13":0,"14":0,"15":0,"16":0,"17":0,"18":0,"19":1,"20":0,"21":0,"22":0,"23":1,"24":0,"25":0,"26":0,"27":0,"28":0,"29":0,"30":0,"31":0,"32":1,"33":0,"34":0,"35":0,"36":0,"37":0,"38":0,"39":0,"40":1,"41":0,"42":0,"43":0,"44":0,"45":1,"46":0,"47":0,"48":0,"49":0,"50":0,"51":0,"52":0,"53":0,"54":0,"55":0,"56":0,"57":0,"58":0,"59":0,"60":1,"61":0,"62":0,"63":0,"64":0,"65":0,"66":0,"67":0,"68":0,"69":0,"70":0,"71":0,"72":0,"73":1,"74":0,"75":0,"76":0,"77":0,"78":0,"79":0,"80":0,"81":0,"82":0,"83":0,"84":1,"85":0,"86":0,"87":0,"88":0,"89":0,"90":0,"91":0,"92":0,"93":0,"94":0,"95":1,"96":0,"97":0,"98":0,"99":0,"100":0,"101":0,"102":1},"b":{"1":[0,0],"2":[0,0],"3":[0,0],"4":[0,0],"5":[0,0],"6":[0,0],"7":[0,0],"8":[0,0],"9":[0,0],"10":[0,0],"11":[0,0],"12":[0,0],"13":[0,0],"14":[0,0]},"f":{"1":0,"2":0,"3":0,"4":0,"5":0,"6":0,"7":0,"8":0,"9":0,"10":0,"11":0,"12":0,"13":0,"14":0,"15":0},"fnMap":{"1":{"name":"(anonymous_1)","line":5,"loc":{"start":{"line":5,"column":11},"end":{"line":5,"column":22}}},"2":{"name":"(anonymous_2)","line":13,"loc":{"start":{"line":13,"column":23},"end":{"line":13,"column":34}}},"3":{"name":"(anonymous_3)","line":34,"loc":{"start":{"line":34,"column":28},"end":{"line":34,"column":39}}},"4":{"name":"(anonymous_4)","line":42,"loc":{"start":{"line":42,"column":26},"end":{"line":42,"column":49}}},"5":{"name":"(anonymous_5)","line":59,"loc":{"start":{"line":59,"column":27},"end":{"line":59,"column":38}}},"6":{"name":"(anonymous_6)","line":72,"loc":{"start":{"line":72,"column":26},"end":{"line":72,"column":49}}},"7":{"name":"(anonymous_7)","line":80,"loc":{"start":{"line":80,"column":22},"end":{"line":80,"column":33}}},"8":{"name":"(anonymous_8)","line":87,"loc":{"start":{"line":87,"column":24},"end":{"line":87,"column":35}}},"9":{"name":"(anonymous_9)","line":91,"loc":{"start":{"line":91,"column":25},"end":{"line":91,"column":36}}},"10":{"name":"(anonymous_10)","line":95,"loc":{"start":{"line":95,"column":22},"end":{"line":95,"column":33}}},"11":{"name":"(anonymous_11)","line":101,"loc":{"start":{"line":101,"column":24},"end":{"line":101,"column":35}}},"12":{"name":"(anonymous_12)","line":110,"loc":{"start":{"line":110,"column":30},"end":{"line":110,"column":41}}},"13":{"name":"(anonymous_13)","line":133,"loc":{"start":{"line":133,"column":31},"end":{"line":133,"column":42}}},"14":{"name":"(anonymous_14)","line":152,"loc":{"start":{"line":152,"column":32},"end":{"line":152,"column":43}}},"15":{"name":"(anonymous_15)","line":171,"loc":{"start":{"line":171,"column":31},"end":{"line":171,"column":42}}}},"statementMap":{"1":{"start":{"line":1,"column":0},"end":{"line":1,"column":36}},"2":{"start":{"line":2,"column":0},"end":{"line":2,"column":38}},"3":{"start":{"line":3,"column":0},"end":{"line":3,"column":36}},"4":{"start":{"line":5,"column":0},"end":{"line":11,"column":6}},"5":{"start":{"line":6,"column":6},"end":{"line":6,"column":33}},"6":{"start":{"line":7,"column":6},"end":{"line":7,"column":35}},"7":{"start":{"line":8,"column":6},"end":{"line":8,"column":33}},"8":{"start":{"line":9,"column":6},"end":{"line":9,"column":27}},"9":{"start":{"line":10,"column":6},"end":{"line":10,"column":24}},"10":{"start":{"line":13,"column":0},"end":{"line":32,"column":16}},"11":{"start":{"line":14,"column":16},"end":{"line":16,"column":17}},"12":{"start":{"line":15,"column":18},"end":{"line":15,"column":43}},"13":{"start":{"line":17,"column":16},"end":{"line":17,"column":36}},"14":{"start":{"line":19,"column":16},"end":{"line":19,"column":37}},"15":{"start":{"line":22,"column":16},"end":{"line":22,"column":59}},"16":{"start":{"line":25,"column":16},"end":{"line":25,"column":34}},"17":{"start":{"line":28,"column":16},"end":{"line":28,"column":45}},"18":{"start":{"line":31,"column":16},"end":{"line":31,"column":33}},"19":{"start":{"line":34,"column":0},"end":{"line":40,"column":16}},"20":{"start":{"line":35,"column":16},"end":{"line":35,"column":36}},"21":{"start":{"line":38,"column":16},"end":{"line":38,"column":45}},"22":{"start":{"line":39,"column":16},"end":{"line":39,"column":61}},"23":{"start":{"line":42,"column":0},"end":{"line":57,"column":16}},"24":{"start":{"line":43,"column":16},"end":{"line":43,"column":47}},"25":{"start":{"line":44,"column":16},"end":{"line":44,"column":45}},"26":{"start":{"line":46,"column":16},"end":{"line":56,"column":17}},"27":{"start":{"line":47,"column":18},"end":{"line":47,"column":67}},"28":{"start":{"line":50,"column":18},"end":{"line":52,"column":19}},"29":{"start":{"line":51,"column":20},"end":{"line":51,"column":65}},"30":{"start":{"line":54,"column":18},"end":{"line":54,"column":36}},"31":{"start":{"line":55,"column":18},"end":{"line":55,"column":43}},"32":{"start":{"line":59,"column":0},"end":{"line":70,"column":16}},"33":{"start":{"line":60,"column":16},"end":{"line":60,"column":36}},"34":{"start":{"line":61,"column":16},"end":{"line":61,"column":47}},"35":{"start":{"line":62,"column":16},"end":{"line":62,"column":68}},"36":{"start":{"line":64,"column":16},"end":{"line":66,"column":17}},"37":{"start":{"line":65,"column":18},"end":{"line":65,"column":56}},"38":{"start":{"line":68,"column":16},"end":{"line":68,"column":46}},"39":{"start":{"line":69,"column":16},"end":{"line":69,"column":40}},"40":{"start":{"line":72,"column":0},"end":{"line":78,"column":16}},"41":{"start":{"line":73,"column":16},"end":{"line":73,"column":86}},"42":{"start":{"line":74,"column":16},"end":{"line":76,"column":17}},"43":{"start":{"line":75,"column":18},"end":{"line":75,"column":84}},"44":{"start":{"line":77,"column":16},"end":{"line":77,"column":28}},"45":{"start":{"line":80,"column":0},"end":{"line":108,"column":16}},"46":{"start":{"line":81,"column":16},"end":{"line":81,"column":36}},"47":{"start":{"line":82,"column":16},"end":{"line":82,"column":47}},"48":{"start":{"line":84,"column":16},"end":{"line":84,"column":32}},"49":{"start":{"line":86,"column":16},"end":{"line":107,"column":18}},"50":{"start":{"line":88,"column":20},"end":{"line":88,"column":63}},"51":{"start":{"line":89,"column":20},"end":{"line":89,"column":41}},"52":{"start":{"line":92,"column":20},"end":{"line":92,"column":63}},"53":{"start":{"line":93,"column":20},"end":{"line":93,"column":41}},"54":{"start":{"line":96,"column":20},"end":{"line":99,"column":21}},"55":{"start":{"line":97,"column":22},"end":{"line":97,"column":63}},"56":{"start":{"line":98,"column":22},"end":{"line":98,"column":43}},"57":{"start":{"line":102,"column":20},"end":{"line":105,"column":21}},"58":{"start":{"line":103,"column":22},"end":{"line":103,"column":63}},"59":{"start":{"line":104,"column":22},"end":{"line":104,"column":43}},"60":{"start":{"line":110,"column":0},"end":{"line":131,"column":16}},"61":{"start":{"line":111,"column":16},"end":{"line":111,"column":36}},"62":{"start":{"line":112,"column":16},"end":{"line":112,"column":36}},"63":{"start":{"line":113,"column":16},"end":{"line":113,"column":45}},"64":{"start":{"line":116,"column":16},"end":{"line":122,"column":17}},"65":{"start":{"line":117,"column":18},"end":{"line":119,"column":19}},"66":{"start":{"line":118,"column":20},"end":{"line":118,"column":33}},"67":{"start":{"line":120,"column":18},"end":{"line":120,"column":32}},"68":{"start":{"line":121,"column":18},"end":{"line":121,"column":30}},"69":{"start":{"line":125,"column":16},"end":{"line":128,"column":17}},"70":{"start":{"line":126,"column":18},"end":{"line":126,"column":32}},"71":{"start":{"line":127,"column":18},"end":{"line":127,"column":30}},"72":{"start":{"line":130,"column":16},"end":{"line":130,"column":29}},"73":{"start":{"line":133,"column":0},"end":{"line":150,"column":16}},"74":{"start":{"line":134,"column":16},"end":{"line":134,"column":36}},"75":{"start":{"line":135,"column":16},"end":{"line":135,"column":47}},"76":{"start":{"line":136,"column":16},"end":{"line":136,"column":45}},"77":{"start":{"line":138,"column":16},"end":{"line":140,"column":17}},"78":{"start":{"line":139,"column":18},"end":{"line":139,"column":30}},"79":{"start":{"line":141,"column":16},"end":{"line":143,"column":17}},"80":{"start":{"line":142,"column":18},"end":{"line":142,"column":30}},"81":{"start":{"line":144,"column":16},"end":{"line":146,"column":17}},"82":{"start":{"line":145,"column":18},"end":{"line":145,"column":30}},"83":{"start":{"line":148,"column":16},"end":{"line":148,"column":29}},"84":{"start":{"line":152,"column":0},"end":{"line":169,"column":16}},"85":{"start":{"line":153,"column":16},"end":{"line":153,"column":36}},"86":{"start":{"line":154,"column":16},"end":{"line":154,"column":36}},"87":{"start":{"line":155,"column":16},"end":{"line":155,"column":47}},"88":{"start":{"line":157,"column":16},"end":{"line":159,"column":17}},"89":{"start":{"line":158,"column":18},"end":{"line":158,"column":30}},"90":{"start":{"line":160,"column":16},"end":{"line":162,"column":17}},"91":{"start":{"line":161,"column":18},"end":{"line":161,"column":30}},"92":{"start":{"line":163,"column":16},"end":{"line":165,"column":17}},"93":{"start":{"line":164,"column":18},"end":{"line":164,"column":30}},"94":{"start":{"line":167,"column":16},"end":{"line":167,"column":29}},"95":{"start":{"line":171,"column":0},"end":{"line":182,"column":16}},"96":{"start":{"line":172,"column":16},"end":{"line":172,"column":36}},"97":{"start":{"line":173,"column":16},"end":{"line":173,"column":47}},"98":{"start":{"line":175,"column":16},"end":{"line":180,"column":17}},"99":{"start":{"line":176,"column":18},"end":{"line":176,"column":36}},"100":{"start":{"line":177,"column":18},"end":{"line":177,"column":30}},"101":{"start":{"line":179,"column":18},"end":{"line":179,"column":31}},"102":{"start":{"line":185,"column":0},"end":{"line":185,"column":22}}},"branchMap":{"1":{"line":14,"type":"if","locations":[{"start":{"line":14,"column":16},"end":{"line":14,"column":16}},{"start":{"line":14,"column":16},"end":{"line":14,"column":16}}]},"2":{"line":64,"type":"binary-expr","locations":[{"start":{"line":64,"column":23},"end":{"line":64,"column":43}},{"start":{"line":64,"column":47},"end":{"line":64,"column":70}}]},"3":{"line":96,"type":"if","locations":[{"start":{"line":96,"column":20},"end":{"line":96,"column":20}},{"start":{"line":96,"column":20},"end":{"line":96,"column":20}}]},"4":{"line":102,"type":"if","locations":[{"start":{"line":102,"column":20},"end":{"line":102,"column":20}},{"start":{"line":102,"column":20},"end":{"line":102,"column":20}}]},"5":{"line":116,"type":"if","locations":[{"start":{"line":116,"column":16},"end":{"line":116,"column":16}},{"start":{"line":116,"column":16},"end":{"line":116,"column":16}}]},"6":{"line":117,"type":"if","locations":[{"start":{"line":117,"column":18},"end":{"line":117,"column":18}},{"start":{"line":117,"column":18},"end":{"line":117,"column":18}}]},"7":{"line":125,"type":"if","locations":[{"start":{"line":125,"column":16},"end":{"line":125,"column":16}},{"start":{"line":125,"column":16},"end":{"line":125,"column":16}}]},"8":{"line":138,"type":"if","locations":[{"start":{"line":138,"column":16},"end":{"line":138,"column":16}},{"start":{"line":138,"column":16},"end":{"line":138,"column":16}}]},"9":{"line":141,"type":"if","locations":[{"start":{"line":141,"column":16},"end":{"line":141,"column":16}},{"start":{"line":141,"column":16},"end":{"line":141,"column":16}}]},"10":{"line":144,"type":"if","locations":[{"start":{"line":144,"column":16},"end":{"line":144,"column":16}},{"start":{"line":144,"column":16},"end":{"line":144,"column":16}}]},"11":{"line":157,"type":"if","locations":[{"start":{"line":157,"column":16},"end":{"line":157,"column":16}},{"start":{"line":157,"column":16},"end":{"line":157,"column":16}}]},"12":{"line":160,"type":"if","locations":[{"start":{"line":160,"column":16},"end":{"line":160,"column":16}},{"start":{"line":160,"column":16},"end":{"line":160,"column":16}}]},"13":{"line":163,"type":"if","locations":[{"start":{"line":163,"column":16},"end":{"line":163,"column":16}},{"start":{"line":163,"column":16},"end":{"line":163,"column":16}}]},"14":{"line":175,"type":"if","locations":[{"start":{"line":175,"column":16},"end":{"line":175,"column":16}},{"start":{"line":175,"column":16},"end":{"line":175,"column":16}}]}}},"/Users/lukebearden/Development/wumpus/player.js":{"path":"/Users/lukebearden/Development/wumpus/player.js","s":{"1":1,"2":0,"3":0,"4":0,"5":0,"6":1},"b":{},"f":{"1":0},"fnMap":{"1":{"name":"(anonymous_1)","line":1,"loc":{"start":{"line":1,"column":13},"end":{"line":1,"column":24}}}},"statementMap":{"1":{"start":{"line":1,"column":0},"end":{"line":6,"column":2}},"2":{"start":{"line":2,"column":1},"end":{"line":2,"column":19}},"3":{"start":{"line":3,"column":1},"end":{"line":3,"column":23}},"4":{"start":{"line":4,"column":1},"end":{"line":4,"column":19}},"5":{"start":{"line":5,"column":1},"end":{"line":5,"column":20}},"6":{"start":{"line":8,"column":0},"end":{"line":8,"column":24}}},"branchMap":{}},"/Users/lukebearden/Development/wumpus/wumpus.js":{"path":"/Users/lukebearden/Development/wumpus/wumpus.js","s":{"1":1,"2":0,"3":1},"b":{},"f":{"1":0},"fnMap":{"1":{"name":"(anonymous_1)","line":1,"loc":{"start":{"line":1,"column":13},"end":{"line":1,"column":24}}}},"statementMap":{"1":{"start":{"line":1,"column":0},"end":{"line":3,"column":2}},"2":{"start":{"line":2,"column":1},"end":{"line":2,"column":19}},"3":{"start":{"line":5,"column":0},"end":{"line":5,"column":24}}},"branchMap":{}}}